<?xml version="1.0" encoding="UTF-8"?>
<coverage generated="1595022584">
  <project timestamp="1595022584">
    <package name="App\Controller\Admin">
      <file name="E:\wamp64\www\csf\src\Controller\Admin\AdminCrudController.php">
        <class name="App\Controller\Admin\AdminCrudController" namespace="App\Controller\Admin">
          <metrics complexity="8" methods="7" coveredmethods="1" conditionals="0" coveredconditionals="0" statements="26" coveredstatements="1" elements="33" coveredelements="2"/>
        </class>
        <line num="29" type="method" name="__construct" visibility="public" complexity="1" crap="2.00" count="0"/>
        <line num="31" type="stmt" count="0"/>
        <line num="32" type="stmt" count="0"/>
        <line num="34" type="method" name="getEntityFqcn" visibility="public" complexity="1" crap="1" count="16"/>
        <line num="36" type="stmt" count="16"/>
        <line num="39" type="method" name="configureCrud" visibility="public" complexity="1" crap="2.00" count="0"/>
        <line num="43" type="stmt" count="0"/>
        <line num="44" type="stmt" count="0"/>
        <line num="45" type="stmt" count="0"/>
        <line num="49" type="method" name="configureActions" visibility="public" complexity="1" crap="2.00" count="0"/>
        <line num="53" type="stmt" count="0"/>
        <line num="54" type="stmt" count="0"/>
        <line num="56" type="stmt" count="0"/>
        <line num="57" type="stmt" count="0"/>
        <line num="61" type="method" name="configureFields" visibility="public" complexity="1" crap="2.00" count="0"/>
        <line num="64" type="stmt" count="0"/>
        <line num="65" type="stmt" count="0"/>
        <line num="66" type="stmt" count="0"/>
        <line num="67" type="stmt" count="0"/>
        <line num="68" type="stmt" count="0"/>
        <line num="69" type="stmt" count="0"/>
        <line num="70" type="stmt" count="0"/>
        <line num="77" type="method" name="persistEntity" visibility="public" complexity="2" crap="6.00" count="0"/>
        <line num="79" type="stmt" count="0"/>
        <line num="80" type="stmt" count="0"/>
        <line num="81" type="stmt" count="0"/>
        <line num="82" type="stmt" count="0"/>
        <line num="83" type="stmt" count="0"/>
        <line num="87" type="stmt" count="0"/>
        <line num="88" type="stmt" count="0"/>
        <line num="90" type="method" name="createIndexQueryBuilder" visibility="public" complexity="1" crap="2.00" count="0"/>
        <line num="92" type="stmt" count="0"/>
        <line num="94" type="stmt" count="0"/>
        <metrics loc="96" ncloc="86" classes="1" methods="7" coveredmethods="1" conditionals="0" coveredconditionals="0" statements="26" coveredstatements="1" elements="33" coveredelements="2"/>
      </file>
      <file name="E:\wamp64\www\csf\src\Controller\Admin\DashboardController.php">
        <class name="App\Controller\Admin\DashboardController" namespace="App\Controller\Admin">
          <metrics complexity="4" methods="4" coveredmethods="4" conditionals="0" coveredconditionals="0" statements="16" coveredstatements="16" elements="20" coveredelements="20"/>
        </class>
        <line num="19" type="method" name="index" visibility="public" complexity="1" crap="1" count="3"/>
        <line num="21" type="stmt" count="3"/>
        <line num="24" type="method" name="configureDashboard" visibility="public" complexity="1" crap="1" count="3"/>
        <line num="26" type="stmt" count="3"/>
        <line num="27" type="stmt" count="3"/>
        <line num="30" type="method" name="configureMenuItems" visibility="public" complexity="1" crap="1" count="3"/>
        <line num="33" type="stmt" count="3"/>
        <line num="34" type="stmt" count="3"/>
        <line num="35" type="stmt" count="3"/>
        <line num="36" type="stmt" count="3"/>
        <line num="37" type="stmt" count="3"/>
        <line num="38" type="stmt" count="3"/>
        <line num="40" type="stmt" count="3"/>
        <line num="47" type="method" name="configureUserMenu" visibility="public" complexity="1" crap="1" count="3"/>
        <line num="50" type="stmt" count="3"/>
        <line num="54" type="stmt" count="3"/>
        <line num="56" type="stmt" count="3"/>
        <line num="57" type="stmt" count="3"/>
        <line num="59" type="stmt" count="3"/>
        <line num="60" type="stmt" count="3"/>
        <metrics loc="63" ncloc="46" classes="1" methods="4" coveredmethods="4" conditionals="0" coveredconditionals="0" statements="16" coveredstatements="16" elements="20" coveredelements="20"/>
      </file>
      <file name="E:\wamp64\www\csf\src\Controller\Admin\NotVerifiedCrudController.php">
        <class name="App\Controller\Admin\NotVerifiedCrudController" namespace="App\Controller\Admin">
          <metrics complexity="6" methods="6" coveredmethods="1" conditionals="0" coveredconditionals="0" statements="15" coveredstatements="1" elements="21" coveredelements="2"/>
        </class>
        <line num="28" type="method" name="__construct" visibility="public" complexity="1" crap="2.00" count="0"/>
        <line num="30" type="stmt" count="0"/>
        <line num="31" type="stmt" count="0"/>
        <line num="33" type="method" name="getEntityFqcn" visibility="public" complexity="1" crap="1" count="16"/>
        <line num="35" type="stmt" count="16"/>
        <line num="38" type="method" name="configureCrud" visibility="public" complexity="1" crap="2.00" count="0"/>
        <line num="42" type="stmt" count="0"/>
        <line num="43" type="stmt" count="0"/>
        <line num="44" type="stmt" count="0"/>
        <line num="48" type="method" name="configureActions" visibility="public" complexity="1" crap="2.00" count="0"/>
        <line num="50" type="stmt" count="0"/>
        <line num="53" type="stmt" count="0"/>
        <line num="55" type="stmt" count="0"/>
        <line num="58" type="method" name="configureFields" visibility="public" complexity="1" crap="2.00" count="0"/>
        <line num="61" type="stmt" count="0"/>
        <line num="62" type="stmt" count="0"/>
        <line num="63" type="stmt" count="0"/>
        <line num="64" type="stmt" count="0"/>
        <line num="68" type="method" name="createIndexQueryBuilder" visibility="public" complexity="1" crap="2.00" count="0"/>
        <line num="70" type="stmt" count="0"/>
        <line num="72" type="stmt" count="0"/>
        <metrics loc="74" ncloc="67" classes="1" methods="6" coveredmethods="1" conditionals="0" coveredconditionals="0" statements="15" coveredstatements="1" elements="21" coveredelements="2"/>
      </file>
      <file name="E:\wamp64\www\csf\src\Controller\Admin\ProfileCrudController.php">
        <class name="App\Controller\Admin\ProfileCrudController" namespace="App\Controller\Admin">
          <metrics complexity="14" methods="7" coveredmethods="1" conditionals="0" coveredconditionals="0" statements="55" coveredstatements="1" elements="62" coveredelements="2"/>
        </class>
        <line num="38" type="method" name="__construct" visibility="public" complexity="1" crap="2.00" count="0"/>
        <line num="40" type="stmt" count="0"/>
        <line num="41" type="stmt" count="0"/>
        <line num="43" type="method" name="getEntityFqcn" visibility="public" complexity="1" crap="1" count="16"/>
        <line num="45" type="stmt" count="16"/>
        <line num="48" type="method" name="configureCrud" visibility="public" complexity="1" crap="2.00" count="0"/>
        <line num="52" type="stmt" count="0"/>
        <line num="53" type="stmt" count="0"/>
        <line num="57" type="method" name="configureActions" visibility="public" complexity="1" crap="2.00" count="0"/>
        <line num="59" type="stmt" count="0"/>
        <line num="61" type="stmt" count="0"/>
        <line num="64" type="method" name="configureFields" visibility="public" complexity="1" crap="2.00" count="0"/>
        <line num="67" type="stmt" count="0"/>
        <line num="68" type="stmt" count="0"/>
        <line num="69" type="stmt" count="0"/>
        <line num="70" type="stmt" count="0"/>
        <line num="73" type="stmt" count="0"/>
        <line num="76" type="method" name="edit" visibility="public" complexity="8" crap="72.00" count="0"/>
        <line num="78" type="stmt" count="0"/>
        <line num="80" type="stmt" count="0"/>
        <line num="81" type="stmt" count="0"/>
        <line num="82" type="stmt" count="0"/>
        <line num="83" type="stmt" count="0"/>
        <line num="86" type="stmt" count="0"/>
        <line num="87" type="stmt" count="0"/>
        <line num="90" type="stmt" count="0"/>
        <line num="91" type="stmt" count="0"/>
        <line num="95" type="stmt" count="0"/>
        <line num="96" type="stmt" count="0"/>
        <line num="97" type="stmt" count="0"/>
        <line num="98" type="stmt" count="0"/>
        <line num="99" type="stmt" count="0"/>
        <line num="100" type="stmt" count="0"/>
        <line num="101" type="stmt" count="0"/>
        <line num="102" type="stmt" count="0"/>
        <line num="103" type="stmt" count="0"/>
        <line num="104" type="stmt" count="0"/>
        <line num="105" type="stmt" count="0"/>
        <line num="107" type="stmt" count="0"/>
        <line num="109" type="stmt" count="0"/>
        <line num="110" type="stmt" count="0"/>
        <line num="112" type="stmt" count="0"/>
        <line num="113" type="stmt" count="0"/>
        <line num="114" type="stmt" count="0"/>
        <line num="115" type="stmt" count="0"/>
        <line num="116" type="stmt" count="0"/>
        <line num="118" type="stmt" count="0"/>
        <line num="121" type="stmt" count="0"/>
        <line num="124" type="stmt" count="0"/>
        <line num="125" type="stmt" count="0"/>
        <line num="126" type="stmt" count="0"/>
        <line num="127" type="stmt" count="0"/>
        <line num="128" type="stmt" count="0"/>
        <line num="131" type="stmt" count="0"/>
        <line num="132" type="stmt" count="0"/>
        <line num="133" type="stmt" count="0"/>
        <line num="134" type="stmt" count="0"/>
        <line num="137" type="stmt" count="0"/>
        <line num="140" type="method" name="createIndexQueryBuilder" visibility="public" complexity="1" crap="2.00" count="0"/>
        <line num="142" type="stmt" count="0"/>
        <line num="144" type="stmt" count="0"/>
        <line num="146" type="stmt" count="0"/>
        <metrics loc="148" ncloc="139" classes="1" methods="7" coveredmethods="1" conditionals="0" coveredconditionals="0" statements="55" coveredstatements="1" elements="62" coveredelements="2"/>
      </file>
      <file name="E:\wamp64\www\csf\src\Controller\Admin\SuperAdminCrudController.php">
        <class name="App\Controller\Admin\SuperAdminCrudController" namespace="App\Controller\Admin">
          <metrics complexity="8" methods="7" coveredmethods="1" conditionals="0" coveredconditionals="0" statements="26" coveredstatements="1" elements="33" coveredelements="2"/>
        </class>
        <line num="29" type="method" name="__construct" visibility="public" complexity="1" crap="2.00" count="0"/>
        <line num="31" type="stmt" count="0"/>
        <line num="32" type="stmt" count="0"/>
        <line num="34" type="method" name="getEntityFqcn" visibility="public" complexity="1" crap="1" count="16"/>
        <line num="36" type="stmt" count="16"/>
        <line num="39" type="method" name="configureCrud" visibility="public" complexity="1" crap="2.00" count="0"/>
        <line num="43" type="stmt" count="0"/>
        <line num="44" type="stmt" count="0"/>
        <line num="45" type="stmt" count="0"/>
        <line num="49" type="method" name="configureActions" visibility="public" complexity="1" crap="2.00" count="0"/>
        <line num="53" type="stmt" count="0"/>
        <line num="54" type="stmt" count="0"/>
        <line num="56" type="stmt" count="0"/>
        <line num="57" type="stmt" count="0"/>
        <line num="61" type="method" name="configureFields" visibility="public" complexity="1" crap="2.00" count="0"/>
        <line num="64" type="stmt" count="0"/>
        <line num="65" type="stmt" count="0"/>
        <line num="66" type="stmt" count="0"/>
        <line num="67" type="stmt" count="0"/>
        <line num="68" type="stmt" count="0"/>
        <line num="69" type="stmt" count="0"/>
        <line num="70" type="stmt" count="0"/>
        <line num="77" type="method" name="persistEntity" visibility="public" complexity="2" crap="6.00" count="0"/>
        <line num="79" type="stmt" count="0"/>
        <line num="80" type="stmt" count="0"/>
        <line num="81" type="stmt" count="0"/>
        <line num="82" type="stmt" count="0"/>
        <line num="83" type="stmt" count="0"/>
        <line num="87" type="stmt" count="0"/>
        <line num="88" type="stmt" count="0"/>
        <line num="90" type="method" name="createIndexQueryBuilder" visibility="public" complexity="1" crap="2.00" count="0"/>
        <line num="92" type="stmt" count="0"/>
        <line num="94" type="stmt" count="0"/>
        <metrics loc="96" ncloc="86" classes="1" methods="7" coveredmethods="1" conditionals="0" coveredconditionals="0" statements="26" coveredstatements="1" elements="33" coveredelements="2"/>
      </file>
      <file name="E:\wamp64\www\csf\src\Controller\Admin\UserCrudController.php">
        <class name="App\Controller\Admin\UserCrudController" namespace="App\Controller\Admin">
          <metrics complexity="8" methods="7" coveredmethods="1" conditionals="0" coveredconditionals="0" statements="26" coveredstatements="1" elements="33" coveredelements="2"/>
        </class>
        <line num="29" type="method" name="__construct" visibility="public" complexity="1" crap="2.00" count="0"/>
        <line num="31" type="stmt" count="0"/>
        <line num="32" type="stmt" count="0"/>
        <line num="34" type="method" name="getEntityFqcn" visibility="public" complexity="1" crap="1" count="16"/>
        <line num="36" type="stmt" count="16"/>
        <line num="39" type="method" name="configureCrud" visibility="public" complexity="1" crap="2.00" count="0"/>
        <line num="43" type="stmt" count="0"/>
        <line num="44" type="stmt" count="0"/>
        <line num="45" type="stmt" count="0"/>
        <line num="49" type="method" name="configureActions" visibility="public" complexity="1" crap="2.00" count="0"/>
        <line num="53" type="stmt" count="0"/>
        <line num="54" type="stmt" count="0"/>
        <line num="56" type="stmt" count="0"/>
        <line num="57" type="stmt" count="0"/>
        <line num="61" type="method" name="configureFields" visibility="public" complexity="1" crap="2.00" count="0"/>
        <line num="64" type="stmt" count="0"/>
        <line num="65" type="stmt" count="0"/>
        <line num="66" type="stmt" count="0"/>
        <line num="67" type="stmt" count="0"/>
        <line num="68" type="stmt" count="0"/>
        <line num="69" type="stmt" count="0"/>
        <line num="70" type="stmt" count="0"/>
        <line num="77" type="method" name="persistEntity" visibility="public" complexity="2" crap="6.00" count="0"/>
        <line num="79" type="stmt" count="0"/>
        <line num="80" type="stmt" count="0"/>
        <line num="81" type="stmt" count="0"/>
        <line num="82" type="stmt" count="0"/>
        <line num="83" type="stmt" count="0"/>
        <line num="87" type="stmt" count="0"/>
        <line num="88" type="stmt" count="0"/>
        <line num="90" type="method" name="createIndexQueryBuilder" visibility="public" complexity="1" crap="2.00" count="0"/>
        <line num="92" type="stmt" count="0"/>
        <line num="94" type="stmt" count="0"/>
        <metrics loc="96" ncloc="88" classes="1" methods="7" coveredmethods="1" conditionals="0" coveredconditionals="0" statements="26" coveredstatements="1" elements="33" coveredelements="2"/>
      </file>
    </package>
    <package name="App\Controller">
      <file name="E:\wamp64\www\csf\src\Controller\HomepageController.php">
        <class name="App\Controller\HomepageController" namespace="App\Controller">
          <metrics complexity="1" methods="1" coveredmethods="1" conditionals="0" coveredconditionals="0" statements="1" coveredstatements="1" elements="2" coveredelements="2"/>
        </class>
        <line num="15" type="method" name="homepage" visibility="public" complexity="1" crap="1" count="1"/>
        <line num="17" type="stmt" count="1"/>
        <metrics loc="19" ncloc="16" classes="1" methods="1" coveredmethods="1" conditionals="0" coveredconditionals="0" statements="1" coveredstatements="1" elements="2" coveredelements="2"/>
      </file>
      <file name="E:\wamp64\www\csf\src\Controller\RegistrationController.php">
        <class name="App\Controller\RegistrationController" namespace="App\Controller">
          <metrics complexity="5" methods="3" coveredmethods="2" conditionals="0" coveredconditionals="0" statements="38" coveredstatements="33" elements="41" coveredelements="35"/>
        </class>
        <line num="25" type="method" name="__construct" visibility="public" complexity="1" crap="1" count="4"/>
        <line num="27" type="stmt" count="4"/>
        <line num="28" type="stmt" count="4"/>
        <line num="33" type="method" name="register" visibility="public" complexity="3" crap="3" count="4"/>
        <line num="35" type="stmt" count="4"/>
        <line num="36" type="stmt" count="4"/>
        <line num="37" type="stmt" count="4"/>
        <line num="39" type="stmt" count="4"/>
        <line num="41" type="stmt" count="1"/>
        <line num="42" type="stmt" count="1"/>
        <line num="43" type="stmt" count="1"/>
        <line num="44" type="stmt" count="1"/>
        <line num="47" type="stmt" count="1"/>
        <line num="48" type="stmt" count="1"/>
        <line num="49" type="stmt" count="1"/>
        <line num="51" type="stmt" count="1"/>
        <line num="52" type="stmt" count="1"/>
        <line num="53" type="stmt" count="1"/>
        <line num="54" type="stmt" count="1"/>
        <line num="57" type="stmt" count="1"/>
        <line num="58" type="stmt" count="1"/>
        <line num="59" type="stmt" count="1"/>
        <line num="60" type="stmt" count="1"/>
        <line num="61" type="stmt" count="1"/>
        <line num="62" type="stmt" count="1"/>
        <line num="64" type="stmt" count="1"/>
        <line num="66" type="stmt" count="1"/>
        <line num="67" type="stmt" count="1"/>
        <line num="70" type="stmt" count="1"/>
        <line num="74" type="stmt" count="1"/>
        <line num="76" type="stmt" count="1"/>
        <line num="77" type="stmt" count="1"/>
        <line num="80" type="stmt" count="1"/>
        <line num="84" type="stmt" count="4"/>
        <line num="85" type="stmt" count="4"/>
        <line num="92" type="method" name="verifyUserEmail" visibility="public" complexity="1" crap="2.00" count="0"/>
        <line num="94" type="stmt" count="0"/>
        <line num="98" type="stmt" count="0"/>
        <line num="99" type="stmt" count="0"/>
        <line num="100" type="stmt" count="0"/>
        <line num="102" type="stmt" count="0"/>
        <metrics loc="104" ncloc="86" classes="1" methods="3" coveredmethods="2" conditionals="0" coveredconditionals="0" statements="38" coveredstatements="33" elements="41" coveredelements="35"/>
      </file>
      <file name="E:\wamp64\www\csf\src\Controller\SecurityController.php">
        <class name="App\Controller\SecurityController" namespace="App\Controller">
          <metrics complexity="5" methods="2" coveredmethods="1" conditionals="0" coveredconditionals="0" statements="21" coveredstatements="18" elements="23" coveredelements="19"/>
        </class>
        <line num="18" type="method" name="login" visibility="public" complexity="1" crap="1" count="3"/>
        <line num="25" type="stmt" count="3"/>
        <line num="27" type="stmt" count="3"/>
        <line num="29" type="stmt" count="3"/>
        <line num="30" type="stmt" count="3"/>
        <line num="31" type="stmt" count="3"/>
        <line num="32" type="stmt" count="3"/>
        <line num="33" type="stmt" count="3"/>
        <line num="34" type="stmt" count="3"/>
        <line num="35" type="stmt" count="3"/>
        <line num="36" type="stmt" count="3"/>
        <line num="37" type="stmt" count="3"/>
        <line num="38" type="stmt" count="3"/>
        <line num="55" type="method" name="profile" visibility="public" complexity="3" crap="3.33" count="2"/>
        <line num="57" type="stmt" count="2"/>
        <line num="58" type="stmt" count="2"/>
        <line num="59" type="stmt" count="2"/>
        <line num="61" type="stmt" count="2"/>
        <line num="62" type="stmt" count="0"/>
        <line num="63" type="stmt" count="0"/>
        <line num="64" type="stmt" count="0"/>
        <line num="67" type="stmt" count="2"/>
        <line num="68" type="stmt" count="2"/>
        <metrics loc="71" ncloc="50" classes="1" methods="2" coveredmethods="1" conditionals="0" coveredconditionals="0" statements="21" coveredstatements="18" elements="23" coveredelements="19"/>
      </file>
    </package>
    <package name="App\DataFixtures">
      <file name="E:\wamp64\www\csf\src\DataFixtures\UsersFixtures.php">
        <class name="App\DataFixtures\UsersFixtures" namespace="App\DataFixtures">
          <metrics complexity="3" methods="2" coveredmethods="2" conditionals="0" coveredconditionals="0" statements="11" coveredstatements="11" elements="13" coveredelements="13"/>
        </class>
        <line num="17" type="method" name="__construct" visibility="public" complexity="1" crap="1" count="9"/>
        <line num="19" type="stmt" count="9"/>
        <line num="20" type="stmt" count="9"/>
        <line num="22" type="method" name="load" visibility="public" complexity="2" crap="2" count="2"/>
        <line num="24" type="stmt" count="2"/>
        <line num="25" type="stmt" count="2"/>
        <line num="26" type="stmt" count="2"/>
        <line num="27" type="stmt" count="2"/>
        <line num="28" type="stmt" count="2"/>
        <line num="29" type="stmt" count="2"/>
        <line num="32" type="stmt" count="2"/>
        <line num="34" type="stmt" count="2"/>
        <line num="35" type="stmt" count="2"/>
        <metrics loc="36" ncloc="33" classes="1" methods="2" coveredmethods="2" conditionals="0" coveredconditionals="0" statements="11" coveredstatements="11" elements="13" coveredelements="13"/>
      </file>
    </package>
    <package name="App\Entity">
      <file name="E:\wamp64\www\csf\src\Entity\User.php">
        <class name="App\Entity\User" namespace="App\Entity">
          <metrics complexity="32" methods="24" coveredmethods="21" conditionals="0" coveredconditionals="0" statements="38" coveredstatements="35" elements="62" coveredelements="56"/>
        </class>
        <line num="91" type="method" name="__construct" visibility="public" complexity="1" crap="1" count="15"/>
        <line num="93" type="stmt" count="15"/>
        <line num="94" type="stmt" count="15"/>
        <line num="95" type="stmt" count="15"/>
        <line num="97" type="method" name="getId" visibility="public" complexity="2" crap="2" count="4"/>
        <line num="99" type="stmt" count="4"/>
        <line num="102" type="method" name="getEmail" visibility="public" complexity="2" crap="2" count="6"/>
        <line num="104" type="stmt" count="6"/>
        <line num="107" type="method" name="setEmail" visibility="public" complexity="1" crap="1" count="14"/>
        <line num="109" type="stmt" count="14"/>
        <line num="111" type="stmt" count="14"/>
        <line num="119" type="method" name="getUsername" visibility="public" complexity="1" crap="1" count="8"/>
        <line num="121" type="stmt" count="8"/>
        <line num="127" type="method" name="getRoles" visibility="public" complexity="1" crap="1" count="16"/>
        <line num="129" type="stmt" count="16"/>
        <line num="131" type="stmt" count="16"/>
        <line num="133" type="stmt" count="16"/>
        <line num="141" type="method" name="setRoles" visibility="public" complexity="1" crap="1" count="15"/>
        <line num="143" type="stmt" count="15"/>
        <line num="145" type="stmt" count="15"/>
        <line num="151" type="method" name="getPassword" visibility="public" complexity="1" crap="1" count="9"/>
        <line num="153" type="stmt" count="9"/>
        <line num="156" type="method" name="setPassword" visibility="public" complexity="1" crap="1" count="12"/>
        <line num="158" type="stmt" count="12"/>
        <line num="160" type="stmt" count="12"/>
        <line num="166" type="method" name="getSalt" visibility="public" complexity="1" crap="1" count="11"/>
        <line num="168" type="stmt" count="11"/>
        <line num="174" type="method" name="eraseCredentials" visibility="public" complexity="1" crap="1" count="1"/>
        <line num="176" type="stmt" count="1"/>
        <line num="177" type="stmt" count="1"/>
        <line num="179" type="method" name="getFirstname" visibility="public" complexity="2" crap="2" count="9"/>
        <line num="181" type="stmt" count="9"/>
        <line num="184" type="method" name="setFirstname" visibility="public" complexity="1" crap="1" count="14"/>
        <line num="186" type="stmt" count="14"/>
        <line num="188" type="stmt" count="14"/>
        <line num="191" type="method" name="getLastname" visibility="public" complexity="2" crap="2" count="9"/>
        <line num="193" type="stmt" count="9"/>
        <line num="196" type="method" name="setLastname" visibility="public" complexity="1" crap="1" count="14"/>
        <line num="198" type="stmt" count="14"/>
        <line num="200" type="stmt" count="14"/>
        <line num="203" type="method" name="isVerified" visibility="public" complexity="1" crap="2.00" count="0"/>
        <line num="205" type="stmt" count="0"/>
        <line num="208" type="method" name="setIsVerified" visibility="public" complexity="1" crap="1" count="11"/>
        <line num="210" type="stmt" count="11"/>
        <line num="212" type="stmt" count="11"/>
        <line num="215" type="method" name="getFullName" visibility="public" complexity="1" crap="1" count="4"/>
        <line num="217" type="stmt" count="4"/>
        <line num="220" type="method" name="getPlainPassword" visibility="public" complexity="2" crap="2" count="2"/>
        <line num="222" type="stmt" count="2"/>
        <line num="225" type="method" name="setPlainPassword" visibility="public" complexity="1" crap="1" count="5"/>
        <line num="227" type="stmt" count="5"/>
        <line num="229" type="stmt" count="5"/>
        <line num="232" type="method" name="getCreatedDt" visibility="public" complexity="2" crap="6.00" count="0"/>
        <line num="234" type="stmt" count="0"/>
        <line num="237" type="method" name="setCreatedDt" visibility="public" complexity="1" crap="1" count="15"/>
        <line num="239" type="stmt" count="15"/>
        <line num="241" type="stmt" count="15"/>
        <line num="244" type="method" name="getLastConnection" visibility="public" complexity="2" crap="6.00" count="0"/>
        <line num="246" type="stmt" count="0"/>
        <line num="249" type="method" name="setLastConnection" visibility="public" complexity="2" crap="2" count="2"/>
        <line num="251" type="stmt" count="2"/>
        <line num="253" type="stmt" count="2"/>
        <metrics loc="255" ncloc="173" classes="1" methods="24" coveredmethods="21" conditionals="0" coveredconditionals="0" statements="38" coveredstatements="35" elements="62" coveredelements="56"/>
      </file>
    </package>
    <package name="App\Form">
      <file name="E:\wamp64\www\csf\src\Form\ProfileFormType.php">
        <class name="App\Form\ProfileFormType" namespace="App\Form">
          <metrics complexity="2" methods="2" coveredmethods="2" conditionals="0" coveredconditionals="0" statements="15" coveredstatements="15" elements="17" coveredelements="17"/>
        </class>
        <line num="19" type="method" name="buildForm" visibility="public" complexity="1" crap="1" count="2"/>
        <line num="22" type="stmt" count="2"/>
        <line num="24" type="stmt" count="2"/>
        <line num="25" type="stmt" count="2"/>
        <line num="29" type="stmt" count="2"/>
        <line num="31" type="stmt" count="2"/>
        <line num="32" type="stmt" count="2"/>
        <line num="36" type="stmt" count="2"/>
        <line num="38" type="stmt" count="2"/>
        <line num="39" type="stmt" count="2"/>
        <line num="41" type="stmt" count="2"/>
        <line num="42" type="stmt" count="2"/>
        <line num="50" type="stmt" count="2"/>
        <line num="52" type="method" name="configureOptions" visibility="public" complexity="1" crap="1" count="2"/>
        <line num="54" type="stmt" count="2"/>
        <line num="55" type="stmt" count="2"/>
        <line num="57" type="stmt" count="2"/>
        <metrics loc="58" ncloc="52" classes="1" methods="2" coveredmethods="2" conditionals="0" coveredconditionals="0" statements="15" coveredstatements="15" elements="17" coveredelements="17"/>
      </file>
      <file name="E:\wamp64\www\csf\src\Form\RegistrationFormType.php">
        <class name="App\Form\RegistrationFormType" namespace="App\Form">
          <metrics complexity="2" methods="2" coveredmethods="2" conditionals="0" coveredconditionals="0" statements="25" coveredstatements="25" elements="27" coveredelements="27"/>
        </class>
        <line num="22" type="method" name="buildForm" visibility="public" complexity="1" crap="1" count="4"/>
        <line num="25" type="stmt" count="4"/>
        <line num="27" type="stmt" count="4"/>
        <line num="28" type="stmt" count="4"/>
        <line num="32" type="stmt" count="4"/>
        <line num="34" type="stmt" count="4"/>
        <line num="35" type="stmt" count="4"/>
        <line num="39" type="stmt" count="4"/>
        <line num="41" type="stmt" count="4"/>
        <line num="42" type="stmt" count="4"/>
        <line num="44" type="stmt" count="4"/>
        <line num="45" type="stmt" count="4"/>
        <line num="52" type="stmt" count="4"/>
        <line num="53" type="stmt" count="4"/>
        <line num="55" type="stmt" count="4"/>
        <line num="56" type="stmt" count="4"/>
        <line num="60" type="stmt" count="4"/>
        <line num="63" type="stmt" count="4"/>
        <line num="65" type="stmt" count="4"/>
        <line num="66" type="stmt" count="4"/>
        <line num="68" type="stmt" count="4"/>
        <line num="69" type="stmt" count="4"/>
        <line num="77" type="stmt" count="4"/>
        <line num="79" type="method" name="configureOptions" visibility="public" complexity="1" crap="1" count="4"/>
        <line num="81" type="stmt" count="4"/>
        <line num="82" type="stmt" count="4"/>
        <line num="84" type="stmt" count="4"/>
        <metrics loc="85" ncloc="73" classes="1" methods="2" coveredmethods="2" conditionals="0" coveredconditionals="0" statements="25" coveredstatements="25" elements="27" coveredelements="27"/>
      </file>
    </package>
    <package name="App">
      <file name="E:\wamp64\www\csf\src\Kernel.php">
        <class name="App\Kernel" namespace="App">
          <metrics complexity="7" methods="4" coveredmethods="4" conditionals="0" coveredconditionals="0" statements="20" coveredstatements="20" elements="24" coveredelements="24"/>
        </class>
        <line num="18" type="method" name="registerBundles" visibility="public" complexity="3" crap="3" count="21"/>
        <line num="20" type="stmt" count="21"/>
        <line num="21" type="stmt" count="21"/>
        <line num="22" type="stmt" count="21"/>
        <line num="23" type="stmt" count="21"/>
        <line num="26" type="stmt" count="21"/>
        <line num="28" type="method" name="getProjectDir" visibility="public" complexity="1" crap="1" count="21"/>
        <line num="30" type="stmt" count="21"/>
        <line num="33" type="method" name="configureContainer" visibility="protected" complexity="2" crap="2" count="1"/>
        <line num="35" type="stmt" count="1"/>
        <line num="36" type="stmt" count="1"/>
        <line num="37" type="stmt" count="1"/>
        <line num="38" type="stmt" count="1"/>
        <line num="40" type="stmt" count="1"/>
        <line num="41" type="stmt" count="1"/>
        <line num="42" type="stmt" count="1"/>
        <line num="43" type="stmt" count="1"/>
        <line num="44" type="stmt" count="1"/>
        <line num="46" type="method" name="configureRoutes" visibility="protected" complexity="1" crap="1" count="1"/>
        <line num="48" type="stmt" count="1"/>
        <line num="50" type="stmt" count="1"/>
        <line num="51" type="stmt" count="1"/>
        <line num="52" type="stmt" count="1"/>
        <line num="53" type="stmt" count="1"/>
        <metrics loc="54" ncloc="54" classes="1" methods="4" coveredmethods="4" conditionals="0" coveredconditionals="0" statements="20" coveredstatements="20" elements="24" coveredelements="24"/>
      </file>
    </package>
    <package name="DoctrineMigrations">
      <file name="E:\wamp64\www\csf\src\Migrations\Version20200710153836.php">
        <class name="DoctrineMigrations\Version20200710153836" namespace="DoctrineMigrations">
          <metrics complexity="3" methods="0" coveredmethods="0" conditionals="0" coveredconditionals="0" statements="0" coveredstatements="0" elements="0" coveredelements="0"/>
        </class>
        <metrics loc="31" ncloc="24" classes="0" methods="0" coveredmethods="0" conditionals="0" coveredconditionals="0" statements="0" coveredstatements="0" elements="0" coveredelements="0"/>
      </file>
      <file name="E:\wamp64\www\csf\src\Migrations\Version20200715003214.php">
        <class name="DoctrineMigrations\Version20200715003214" namespace="DoctrineMigrations">
          <metrics complexity="3" methods="0" coveredmethods="0" conditionals="0" coveredconditionals="0" statements="0" coveredstatements="0" elements="0" coveredelements="0"/>
        </class>
        <metrics loc="31" ncloc="24" classes="0" methods="0" coveredmethods="0" conditionals="0" coveredconditionals="0" statements="0" coveredstatements="0" elements="0" coveredelements="0"/>
      </file>
    </package>
    <package name="App\Repository">
      <file name="E:\wamp64\www\csf\src\Repository\UserRepository.php">
        <class name="App\Repository\UserRepository" namespace="App\Repository">
          <metrics complexity="3" methods="2" coveredmethods="2" conditionals="0" coveredconditionals="0" statements="7" coveredstatements="7" elements="9" coveredelements="9"/>
        </class>
        <line num="20" type="method" name="__construct" visibility="public" complexity="1" crap="1" count="16"/>
        <line num="22" type="stmt" count="16"/>
        <line num="23" type="stmt" count="16"/>
        <line num="28" type="method" name="upgradePassword" visibility="public" complexity="2" crap="2" count="1"/>
        <line num="30" type="stmt" count="1"/>
        <line num="34" type="stmt" count="1"/>
        <line num="35" type="stmt" count="1"/>
        <line num="36" type="stmt" count="1"/>
        <line num="37" type="stmt" count="1"/>
        <metrics loc="38" ncloc="27" classes="1" methods="2" coveredmethods="2" conditionals="0" coveredconditionals="0" statements="7" coveredstatements="7" elements="9" coveredelements="9"/>
      </file>
    </package>
    <package name="App\Security">
      <file name="E:\wamp64\www\csf\src\Security\EmailVerifier.php">
        <class name="App\Security\EmailVerifier" namespace="App\Security">
          <metrics complexity="2" methods="2" coveredmethods="1" conditionals="0" coveredconditionals="0" statements="9" coveredstatements="4" elements="11" coveredelements="5"/>
        </class>
        <line num="29" type="method" name="__construct" visibility="public" complexity="1" crap="1" count="4"/>
        <line num="31" type="stmt" count="4"/>
        <line num="32" type="stmt" count="4"/>
        <line num="33" type="stmt" count="4"/>
        <line num="34" type="stmt" count="4"/>
        <line num="55" type="method" name="handleEmailConfirmation" visibility="public" complexity="1" crap="2.00" count="0"/>
        <line num="57" type="stmt" count="0"/>
        <line num="58" type="stmt" count="0"/>
        <line num="59" type="stmt" count="0"/>
        <line num="60" type="stmt" count="0"/>
        <line num="61" type="stmt" count="0"/>
        <metrics loc="62" ncloc="35" classes="1" methods="2" coveredmethods="1" conditionals="0" coveredconditionals="0" statements="9" coveredstatements="4" elements="11" coveredelements="5"/>
      </file>
      <file name="E:\wamp64\www\csf\src\Security\UserAuthenticator.php">
        <class name="App\Security\UserAuthenticator" namespace="App\Security">
          <metrics complexity="13" methods="8" coveredmethods="7" conditionals="0" coveredconditionals="0" statements="32" coveredstatements="30" elements="40" coveredelements="37"/>
        </class>
        <line num="54" type="method" name="__construct" visibility="public" complexity="1" crap="1" count="16"/>
        <line num="56" type="stmt" count="16"/>
        <line num="57" type="stmt" count="16"/>
        <line num="58" type="stmt" count="16"/>
        <line num="59" type="stmt" count="16"/>
        <line num="60" type="stmt" count="16"/>
        <line num="61" type="stmt" count="16"/>
        <line num="63" type="method" name="supports" visibility="public" complexity="2" crap="2" count="16"/>
        <line num="65" type="stmt" count="16"/>
        <line num="66" type="stmt" count="16"/>
        <line num="69" type="method" name="getCredentials" visibility="public" complexity="1" crap="1" count="2"/>
        <line num="72" type="stmt" count="2"/>
        <line num="73" type="stmt" count="2"/>
        <line num="74" type="stmt" count="2"/>
        <line num="76" type="stmt" count="2"/>
        <line num="77" type="stmt" count="2"/>
        <line num="78" type="stmt" count="2"/>
        <line num="81" type="stmt" count="2"/>
        <line num="84" type="method" name="getUser" visibility="public" complexity="3" crap="3.21" count="2"/>
        <line num="86" type="stmt" count="2"/>
        <line num="87" type="stmt" count="2"/>
        <line num="88" type="stmt" count="0"/>
        <line num="94" type="stmt" count="2"/>
        <line num="96" type="stmt" count="2"/>
        <line num="98" type="stmt" count="0"/>
        <line num="101" type="stmt" count="2"/>
        <line num="104" type="method" name="checkCredentials" visibility="public" complexity="1" crap="1" count="2"/>
        <line num="106" type="stmt" count="2"/>
        <line num="112" type="method" name="getPassword" visibility="public" complexity="2" crap="2" count="1"/>
        <line num="114" type="stmt" count="1"/>
        <line num="117" type="method" name="onAuthenticationSuccess" visibility="public" complexity="2" crap="2" count="2"/>
        <line num="122" type="stmt" count="2"/>
        <line num="123" type="stmt" count="2"/>
        <line num="124" type="stmt" count="2"/>
        <line num="125" type="stmt" count="2"/>
        <line num="126" type="stmt" count="2"/>
        <line num="127" type="stmt" count="1"/>
        <line num="129" type="stmt" count="1"/>
        <line num="133" type="method" name="getLoginUrl" visibility="protected" complexity="1" crap="1" count="4"/>
        <line num="135" type="stmt" count="4"/>
        <metrics loc="137" ncloc="111" classes="1" methods="8" coveredmethods="7" conditionals="0" coveredconditionals="0" statements="32" coveredstatements="30" elements="40" coveredelements="37"/>
      </file>
    </package>
    <metrics files="19" loc="1554" ncloc="1270" classes="17" methods="90" coveredmethods="54" conditionals="0" coveredconditionals="0" statements="381" coveredstatements="220" elements="471" coveredelements="274"/>
  </project>
</coverage>
